<?xml version="1.0" encoding="UTF-8"?>
<testsuite name="Tests" tests="3" skipped="0" failures="0" errors="0" timestamp="2020-08-29T10:32:55" hostname="rowan-work" time="0.006">
  <properties/>
  <testcase name="testCase1" classname="Tests" time="0.004"/>
  <testcase name="testCase2" classname="Tests" time="0.001"/>
  <testcase name="testCase3" classname="Tests" time="0.001"/>
  <system-out><![CDATA[]]></system-out>
  <system-err><![CDATA[]]></system-err>
</testsuite>
